running egg_info
creating ../../build/dl_traversability_layer/dl_traversability_layer.egg-info
writing ../../build/dl_traversability_layer/dl_traversability_layer.egg-info/PKG-INFO
writing dependency_links to ../../build/dl_traversability_layer/dl_traversability_layer.egg-info/dependency_links.txt
writing entry points to ../../build/dl_traversability_layer/dl_traversability_layer.egg-info/entry_points.txt
writing requirements to ../../build/dl_traversability_layer/dl_traversability_layer.egg-info/requires.txt
writing top-level names to ../../build/dl_traversability_layer/dl_traversability_layer.egg-info/top_level.txt
writing manifest file '../../build/dl_traversability_layer/dl_traversability_layer.egg-info/SOURCES.txt'
reading manifest file '../../build/dl_traversability_layer/dl_traversability_layer.egg-info/SOURCES.txt'
writing manifest file '../../build/dl_traversability_layer/dl_traversability_layer.egg-info/SOURCES.txt'
running build
running build_py
creating /home/cloud/ros2_ws/build/dl_traversability_layer/build
creating /home/cloud/ros2_ws/build/dl_traversability_layer/build/lib
creating /home/cloud/ros2_ws/build/dl_traversability_layer/build/lib/dl_traversability_layer
copying dl_traversability_layer/traversability_node.py -> /home/cloud/ros2_ws/build/dl_traversability_layer/build/lib/dl_traversability_layer
copying dl_traversability_layer/model.py -> /home/cloud/ros2_ws/build/dl_traversability_layer/build/lib/dl_traversability_layer
copying dl_traversability_layer/__init__.py -> /home/cloud/ros2_ws/build/dl_traversability_layer/build/lib/dl_traversability_layer
running install
running install_lib
creating /home/cloud/ros2_ws/install/dl_traversability_layer/lib/python3.12/site-packages/dl_traversability_layer
copying /home/cloud/ros2_ws/build/dl_traversability_layer/build/lib/dl_traversability_layer/traversability_node.py -> /home/cloud/ros2_ws/install/dl_traversability_layer/lib/python3.12/site-packages/dl_traversability_layer
copying /home/cloud/ros2_ws/build/dl_traversability_layer/build/lib/dl_traversability_layer/model.py -> /home/cloud/ros2_ws/install/dl_traversability_layer/lib/python3.12/site-packages/dl_traversability_layer
copying /home/cloud/ros2_ws/build/dl_traversability_layer/build/lib/dl_traversability_layer/__init__.py -> /home/cloud/ros2_ws/install/dl_traversability_layer/lib/python3.12/site-packages/dl_traversability_layer
byte-compiling /home/cloud/ros2_ws/install/dl_traversability_layer/lib/python3.12/site-packages/dl_traversability_layer/traversability_node.py to traversability_node.cpython-312.pyc
byte-compiling /home/cloud/ros2_ws/install/dl_traversability_layer/lib/python3.12/site-packages/dl_traversability_layer/model.py to model.cpython-312.pyc
byte-compiling /home/cloud/ros2_ws/install/dl_traversability_layer/lib/python3.12/site-packages/dl_traversability_layer/__init__.py to __init__.cpython-312.pyc
running install_data
creating /home/cloud/ros2_ws/install/dl_traversability_layer/share/ament_index
creating /home/cloud/ros2_ws/install/dl_traversability_layer/share/ament_index/resource_index
creating /home/cloud/ros2_ws/install/dl_traversability_layer/share/ament_index/resource_index/packages
copying resource/dl_traversability_layer -> /home/cloud/ros2_ws/install/dl_traversability_layer/share/ament_index/resource_index/packages
creating /home/cloud/ros2_ws/install/dl_traversability_layer/share/dl_traversability_layer/launch
copying launch/traversability.launch.py -> /home/cloud/ros2_ws/install/dl_traversability_layer/share/dl_traversability_layer/launch
copying dl_traversability_layer/params.yaml -> /home/cloud/ros2_ws/install/dl_traversability_layer/share/dl_traversability_layer
running install_egg_info
Copying ../../build/dl_traversability_layer/dl_traversability_layer.egg-info to /home/cloud/ros2_ws/install/dl_traversability_layer/lib/python3.12/site-packages/dl_traversability_layer-0.0.1-py3.12.egg-info
running install_scripts
Installing traversability script to /home/cloud/ros2_ws/install/dl_traversability_layer/lib/dl_traversability_layer
writing list of installed files to '/home/cloud/ros2_ws/build/dl_traversability_layer/install.log'
