running egg_info
creating ../../build/a_star_planner_gazebo/a_star_planner_gazebo.egg-info
writing ../../build/a_star_planner_gazebo/a_star_planner_gazebo.egg-info/PKG-INFO
writing dependency_links to ../../build/a_star_planner_gazebo/a_star_planner_gazebo.egg-info/dependency_links.txt
writing entry points to ../../build/a_star_planner_gazebo/a_star_planner_gazebo.egg-info/entry_points.txt
writing requirements to ../../build/a_star_planner_gazebo/a_star_planner_gazebo.egg-info/requires.txt
writing top-level names to ../../build/a_star_planner_gazebo/a_star_planner_gazebo.egg-info/top_level.txt
writing manifest file '../../build/a_star_planner_gazebo/a_star_planner_gazebo.egg-info/SOURCES.txt'
reading manifest file '../../build/a_star_planner_gazebo/a_star_planner_gazebo.egg-info/SOURCES.txt'
writing manifest file '../../build/a_star_planner_gazebo/a_star_planner_gazebo.egg-info/SOURCES.txt'
running build
running build_py
creating /home/cloud/ros2_ws/build/a_star_planner_gazebo/build
creating /home/cloud/ros2_ws/build/a_star_planner_gazebo/build/lib
creating /home/cloud/ros2_ws/build/a_star_planner_gazebo/build/lib/a_star_planner_gazebo
copying a_star_planner_gazebo/a_star_core.py -> /home/cloud/ros2_ws/build/a_star_planner_gazebo/build/lib/a_star_planner_gazebo
copying a_star_planner_gazebo/a_star_node.py -> /home/cloud/ros2_ws/build/a_star_planner_gazebo/build/lib/a_star_planner_gazebo
copying a_star_planner_gazebo/__init__.py -> /home/cloud/ros2_ws/build/a_star_planner_gazebo/build/lib/a_star_planner_gazebo
running install
running install_lib
creating /home/cloud/ros2_ws/install/a_star_planner_gazebo/lib/python3.12/site-packages/a_star_planner_gazebo
copying /home/cloud/ros2_ws/build/a_star_planner_gazebo/build/lib/a_star_planner_gazebo/a_star_core.py -> /home/cloud/ros2_ws/install/a_star_planner_gazebo/lib/python3.12/site-packages/a_star_planner_gazebo
copying /home/cloud/ros2_ws/build/a_star_planner_gazebo/build/lib/a_star_planner_gazebo/a_star_node.py -> /home/cloud/ros2_ws/install/a_star_planner_gazebo/lib/python3.12/site-packages/a_star_planner_gazebo
copying /home/cloud/ros2_ws/build/a_star_planner_gazebo/build/lib/a_star_planner_gazebo/__init__.py -> /home/cloud/ros2_ws/install/a_star_planner_gazebo/lib/python3.12/site-packages/a_star_planner_gazebo
byte-compiling /home/cloud/ros2_ws/install/a_star_planner_gazebo/lib/python3.12/site-packages/a_star_planner_gazebo/a_star_core.py to a_star_core.cpython-312.pyc
byte-compiling /home/cloud/ros2_ws/install/a_star_planner_gazebo/lib/python3.12/site-packages/a_star_planner_gazebo/a_star_node.py to a_star_node.cpython-312.pyc
byte-compiling /home/cloud/ros2_ws/install/a_star_planner_gazebo/lib/python3.12/site-packages/a_star_planner_gazebo/__init__.py to __init__.cpython-312.pyc
running install_data
creating /home/cloud/ros2_ws/install/a_star_planner_gazebo/share/ament_index
creating /home/cloud/ros2_ws/install/a_star_planner_gazebo/share/ament_index/resource_index
creating /home/cloud/ros2_ws/install/a_star_planner_gazebo/share/ament_index/resource_index/packages
copying resource/a_star_planner_gazebo -> /home/cloud/ros2_ws/install/a_star_planner_gazebo/share/ament_index/resource_index/packages
creating /home/cloud/ros2_ws/install/a_star_planner_gazebo/share/a_star_planner_gazebo/launch
copying launch/a_star.launch.py -> /home/cloud/ros2_ws/install/a_star_planner_gazebo/share/a_star_planner_gazebo/launch
copying a_star_planner_gazebo/params.yaml -> /home/cloud/ros2_ws/install/a_star_planner_gazebo/share/a_star_planner_gazebo
running install_egg_info
Copying ../../build/a_star_planner_gazebo/a_star_planner_gazebo.egg-info to /home/cloud/ros2_ws/install/a_star_planner_gazebo/lib/python3.12/site-packages/a_star_planner_gazebo-0.0.1-py3.12.egg-info
running install_scripts
Installing a_star_node script to /home/cloud/ros2_ws/install/a_star_planner_gazebo/lib/a_star_planner_gazebo
writing list of installed files to '/home/cloud/ros2_ws/build/a_star_planner_gazebo/install.log'
