running egg_info
creating ../../build/my_turtlebot3_gazebo/my_turtlebot3_gazebo.egg-info
writing ../../build/my_turtlebot3_gazebo/my_turtlebot3_gazebo.egg-info/PKG-INFO
writing dependency_links to ../../build/my_turtlebot3_gazebo/my_turtlebot3_gazebo.egg-info/dependency_links.txt
writing requirements to ../../build/my_turtlebot3_gazebo/my_turtlebot3_gazebo.egg-info/requires.txt
writing top-level names to ../../build/my_turtlebot3_gazebo/my_turtlebot3_gazebo.egg-info/top_level.txt
writing manifest file '../../build/my_turtlebot3_gazebo/my_turtlebot3_gazebo.egg-info/SOURCES.txt'
reading manifest file '../../build/my_turtlebot3_gazebo/my_turtlebot3_gazebo.egg-info/SOURCES.txt'
writing manifest file '../../build/my_turtlebot3_gazebo/my_turtlebot3_gazebo.egg-info/SOURCES.txt'
running build
running build_py
creating /home/cloud/ros2_ws/build/my_turtlebot3_gazebo/build
creating /home/cloud/ros2_ws/build/my_turtlebot3_gazebo/build/lib
creating /home/cloud/ros2_ws/build/my_turtlebot3_gazebo/build/lib/my_turtlebot3_gazebo
copying my_turtlebot3_gazebo/__init__.py -> /home/cloud/ros2_ws/build/my_turtlebot3_gazebo/build/lib/my_turtlebot3_gazebo
running install
running install_lib
creating /home/cloud/ros2_ws/install/my_turtlebot3_gazebo/lib/python3.12/site-packages/my_turtlebot3_gazebo
copying /home/cloud/ros2_ws/build/my_turtlebot3_gazebo/build/lib/my_turtlebot3_gazebo/__init__.py -> /home/cloud/ros2_ws/install/my_turtlebot3_gazebo/lib/python3.12/site-packages/my_turtlebot3_gazebo
byte-compiling /home/cloud/ros2_ws/install/my_turtlebot3_gazebo/lib/python3.12/site-packages/my_turtlebot3_gazebo/__init__.py to __init__.cpython-312.pyc
running install_data
creating /home/cloud/ros2_ws/install/my_turtlebot3_gazebo/share/ament_index
creating /home/cloud/ros2_ws/install/my_turtlebot3_gazebo/share/ament_index/resource_index
creating /home/cloud/ros2_ws/install/my_turtlebot3_gazebo/share/ament_index/resource_index/packages
copying resource/my_turtlebot3_gazebo -> /home/cloud/ros2_ws/install/my_turtlebot3_gazebo/share/ament_index/resource_index/packages
copying package.xml -> /home/cloud/ros2_ws/install/my_turtlebot3_gazebo/share/my_turtlebot3_gazebo
creating /home/cloud/ros2_ws/install/my_turtlebot3_gazebo/share/my_turtlebot3_gazebo/launch
copying launch/my_world.launch.py -> /home/cloud/ros2_ws/install/my_turtlebot3_gazebo/share/my_turtlebot3_gazebo/launch
copying launch/spawn_and_slam.launch.py -> /home/cloud/ros2_ws/install/my_turtlebot3_gazebo/share/my_turtlebot3_gazebo/launch
copying launch/spawn_turtlebot3.launch.py -> /home/cloud/ros2_ws/install/my_turtlebot3_gazebo/share/my_turtlebot3_gazebo/launch
creating /home/cloud/ros2_ws/install/my_turtlebot3_gazebo/share/my_turtlebot3_gazebo/config
copying config/turtlebot3_burger_bridge.yaml -> /home/cloud/ros2_ws/install/my_turtlebot3_gazebo/share/my_turtlebot3_gazebo/config
creating /home/cloud/ros2_ws/install/my_turtlebot3_gazebo/share/my_turtlebot3_gazebo/worlds
copying worlds/my_custom_world.world -> /home/cloud/ros2_ws/install/my_turtlebot3_gazebo/share/my_turtlebot3_gazebo/worlds
running install_egg_info
Copying ../../build/my_turtlebot3_gazebo/my_turtlebot3_gazebo.egg-info to /home/cloud/ros2_ws/install/my_turtlebot3_gazebo/lib/python3.12/site-packages/my_turtlebot3_gazebo-0.0.1-py3.12.egg-info
running install_scripts
writing list of installed files to '/home/cloud/ros2_ws/build/my_turtlebot3_gazebo/install.log'
