[2.095s] Invoking command in '/home/cloud/ros2_ws/src/my_turtlebot3_gazebo': CONDA_PROMPT_MODIFIER=(base) PYTHONPATH=/home/cloud/ros2_ws/build/my_turtlebot3_gazebo/prefix_override:/usr/lib/python3/dist-packages/colcon_core/task/python/colcon_distutils_commands:/home/cloud/ros2_ws/install/my_turtlebot3_gazebo/lib/python3.12/site-packages:${PYTHONPATH} /usr/bin/python3 -W ignore:setup.py install is deprecated -W ignore:easy_install command is deprecated setup.py egg_info --egg-base ../../build/my_turtlebot3_gazebo build --build-base /home/cloud/ros2_ws/build/my_turtlebot3_gazebo/build install --record /home/cloud/ros2_ws/build/my_turtlebot3_gazebo/install.log --single-version-externally-managed install_data
[2.660s] running egg_info
[2.661s] creating ../../build/my_turtlebot3_gazebo/my_turtlebot3_gazebo.egg-info
[2.704s] writing ../../build/my_turtlebot3_gazebo/my_turtlebot3_gazebo.egg-info/PKG-INFO
[2.705s] writing dependency_links to ../../build/my_turtlebot3_gazebo/my_turtlebot3_gazebo.egg-info/dependency_links.txt
[2.705s] writing requirements to ../../build/my_turtlebot3_gazebo/my_turtlebot3_gazebo.egg-info/requires.txt
[2.705s] writing top-level names to ../../build/my_turtlebot3_gazebo/my_turtlebot3_gazebo.egg-info/top_level.txt
[2.706s] writing manifest file '../../build/my_turtlebot3_gazebo/my_turtlebot3_gazebo.egg-info/SOURCES.txt'
[2.795s] reading manifest file '../../build/my_turtlebot3_gazebo/my_turtlebot3_gazebo.egg-info/SOURCES.txt'
[2.797s] writing manifest file '../../build/my_turtlebot3_gazebo/my_turtlebot3_gazebo.egg-info/SOURCES.txt'
[2.797s] running build
[2.797s] running build_py
[2.797s] creating /home/cloud/ros2_ws/build/my_turtlebot3_gazebo/build
[2.798s] creating /home/cloud/ros2_ws/build/my_turtlebot3_gazebo/build/lib
[2.798s] creating /home/cloud/ros2_ws/build/my_turtlebot3_gazebo/build/lib/my_turtlebot3_gazebo
[2.798s] copying my_turtlebot3_gazebo/__init__.py -> /home/cloud/ros2_ws/build/my_turtlebot3_gazebo/build/lib/my_turtlebot3_gazebo
[2.798s] running install
[2.811s] running install_lib
[2.856s] creating /home/cloud/ros2_ws/install/my_turtlebot3_gazebo/lib/python3.12/site-packages/my_turtlebot3_gazebo
[2.856s] copying /home/cloud/ros2_ws/build/my_turtlebot3_gazebo/build/lib/my_turtlebot3_gazebo/__init__.py -> /home/cloud/ros2_ws/install/my_turtlebot3_gazebo/lib/python3.12/site-packages/my_turtlebot3_gazebo
[2.857s] byte-compiling /home/cloud/ros2_ws/install/my_turtlebot3_gazebo/lib/python3.12/site-packages/my_turtlebot3_gazebo/__init__.py to __init__.cpython-312.pyc
[2.857s] running install_data
[2.858s] creating /home/cloud/ros2_ws/install/my_turtlebot3_gazebo/share/ament_index
[2.859s] creating /home/cloud/ros2_ws/install/my_turtlebot3_gazebo/share/ament_index/resource_index
[2.859s] creating /home/cloud/ros2_ws/install/my_turtlebot3_gazebo/share/ament_index/resource_index/packages
[2.859s] copying resource/my_turtlebot3_gazebo -> /home/cloud/ros2_ws/install/my_turtlebot3_gazebo/share/ament_index/resource_index/packages
[2.859s] copying package.xml -> /home/cloud/ros2_ws/install/my_turtlebot3_gazebo/share/my_turtlebot3_gazebo
[2.860s] creating /home/cloud/ros2_ws/install/my_turtlebot3_gazebo/share/my_turtlebot3_gazebo/launch
[2.860s] copying launch/my_world.launch.py -> /home/cloud/ros2_ws/install/my_turtlebot3_gazebo/share/my_turtlebot3_gazebo/launch
[2.860s] copying launch/spawn_and_slam.launch.py -> /home/cloud/ros2_ws/install/my_turtlebot3_gazebo/share/my_turtlebot3_gazebo/launch
[2.860s] copying launch/spawn_turtlebot3.launch.py -> /home/cloud/ros2_ws/install/my_turtlebot3_gazebo/share/my_turtlebot3_gazebo/launch
[2.861s] creating /home/cloud/ros2_ws/install/my_turtlebot3_gazebo/share/my_turtlebot3_gazebo/config
[2.861s] copying config/turtlebot3_burger_bridge.yaml -> /home/cloud/ros2_ws/install/my_turtlebot3_gazebo/share/my_turtlebot3_gazebo/config
[2.861s] creating /home/cloud/ros2_ws/install/my_turtlebot3_gazebo/share/my_turtlebot3_gazebo/worlds
[2.861s] copying worlds/my_custom_world.world -> /home/cloud/ros2_ws/install/my_turtlebot3_gazebo/share/my_turtlebot3_gazebo/worlds
[2.862s] running install_egg_info
[2.909s] Copying ../../build/my_turtlebot3_gazebo/my_turtlebot3_gazebo.egg-info to /home/cloud/ros2_ws/install/my_turtlebot3_gazebo/lib/python3.12/site-packages/my_turtlebot3_gazebo-0.0.1-py3.12.egg-info
[2.910s] running install_scripts
[3.207s] writing list of installed files to '/home/cloud/ros2_ws/build/my_turtlebot3_gazebo/install.log'
[3.268s] Invoked command in '/home/cloud/ros2_ws/src/my_turtlebot3_gazebo' returned '0': CONDA_PROMPT_MODIFIER=(base) PYTHONPATH=/home/cloud/ros2_ws/build/my_turtlebot3_gazebo/prefix_override:/usr/lib/python3/dist-packages/colcon_core/task/python/colcon_distutils_commands:/home/cloud/ros2_ws/install/my_turtlebot3_gazebo/lib/python3.12/site-packages:${PYTHONPATH} /usr/bin/python3 -W ignore:setup.py install is deprecated -W ignore:easy_install command is deprecated setup.py egg_info --egg-base ../../build/my_turtlebot3_gazebo build --build-base /home/cloud/ros2_ws/build/my_turtlebot3_gazebo/build install --record /home/cloud/ros2_ws/build/my_turtlebot3_gazebo/install.log --single-version-externally-managed install_data
