/home/cloud/ros2_ws/install/grid_slam_gazebo/lib/python3.12/site-packages/grid_slam_gazebo/a_star_planner.py
/home/cloud/ros2_ws/install/grid_slam_gazebo/lib/python3.12/site-packages/grid_slam_gazebo/grid_utils.py
/home/cloud/ros2_ws/install/grid_slam_gazebo/lib/python3.12/site-packages/grid_slam_gazebo/grid_slam_node.py
/home/cloud/ros2_ws/install/grid_slam_gazebo/lib/python3.12/site-packages/grid_slam_gazebo/__init__.py
/home/cloud/ros2_ws/install/grid_slam_gazebo/lib/python3.12/site-packages/grid_slam_gazebo/inverse_sensor_model.py
/home/cloud/ros2_ws/install/grid_slam_gazebo/lib/python3.12/site-packages/grid_slam_gazebo/__pycache__/a_star_planner.cpython-312.pyc
/home/cloud/ros2_ws/install/grid_slam_gazebo/lib/python3.12/site-packages/grid_slam_gazebo/__pycache__/grid_utils.cpython-312.pyc
/home/cloud/ros2_ws/install/grid_slam_gazebo/lib/python3.12/site-packages/grid_slam_gazebo/__pycache__/grid_slam_node.cpython-312.pyc
/home/cloud/ros2_ws/install/grid_slam_gazebo/lib/python3.12/site-packages/grid_slam_gazebo/__pycache__/__init__.cpython-312.pyc
/home/cloud/ros2_ws/install/grid_slam_gazebo/lib/python3.12/site-packages/grid_slam_gazebo/__pycache__/inverse_sensor_model.cpython-312.pyc
/home/cloud/ros2_ws/install/grid_slam_gazebo/share/ament_index/resource_index/packages/grid_slam_gazebo
/home/cloud/ros2_ws/install/grid_slam_gazebo/share/grid_slam_gazebo/launch/grid_slam.launch.py
/home/cloud/ros2_ws/install/grid_slam_gazebo/share/grid_slam_gazebo/launch/gazebo_tb3_world.launch.py
/home/cloud/ros2_ws/install/grid_slam_gazebo/share/grid_slam_gazebo/params.yaml
/home/cloud/ros2_ws/install/grid_slam_gazebo/lib/python3.12/site-packages/grid_slam_gazebo-0.0.1-py3.12.egg-info/requires.txt
/home/cloud/ros2_ws/install/grid_slam_gazebo/lib/python3.12/site-packages/grid_slam_gazebo-0.0.1-py3.12.egg-info/PKG-INFO
/home/cloud/ros2_ws/install/grid_slam_gazebo/lib/python3.12/site-packages/grid_slam_gazebo-0.0.1-py3.12.egg-info/dependency_links.txt
/home/cloud/ros2_ws/install/grid_slam_gazebo/lib/python3.12/site-packages/grid_slam_gazebo-0.0.1-py3.12.egg-info/SOURCES.txt
/home/cloud/ros2_ws/install/grid_slam_gazebo/lib/python3.12/site-packages/grid_slam_gazebo-0.0.1-py3.12.egg-info/entry_points.txt
/home/cloud/ros2_ws/install/grid_slam_gazebo/lib/python3.12/site-packages/grid_slam_gazebo-0.0.1-py3.12.egg-info/zip-safe
/home/cloud/ros2_ws/install/grid_slam_gazebo/lib/python3.12/site-packages/grid_slam_gazebo-0.0.1-py3.12.egg-info/top_level.txt
/home/cloud/ros2_ws/install/grid_slam_gazebo/lib/grid_slam_gazebo/grid_slam
