[4.059s] Invoking command in '/home/cloud/ros2_ws/src/grid_slam_gazebo': CONDA_PROMPT_MODIFIER=(base) PYTHONPATH=/home/cloud/ros2_ws/build/grid_slam_gazebo/prefix_override:/usr/lib/python3/dist-packages/colcon_core/task/python/colcon_distutils_commands:/home/cloud/ros2_ws/install/grid_slam_gazebo/lib/python3.12/site-packages:${PYTHONPATH} /usr/bin/python3 -W ignore:setup.py install is deprecated -W ignore:easy_install command is deprecated setup.py egg_info --egg-base ../../build/grid_slam_gazebo build --build-base /home/cloud/ros2_ws/build/grid_slam_gazebo/build install --record /home/cloud/ros2_ws/build/grid_slam_gazebo/install.log --single-version-externally-managed install_data
[4.910s] running egg_info
[4.923s] creating ../../build/grid_slam_gazebo/grid_slam_gazebo.egg-info
[4.982s] writing ../../build/grid_slam_gazebo/grid_slam_gazebo.egg-info/PKG-INFO
[4.983s] writing dependency_links to ../../build/grid_slam_gazebo/grid_slam_gazebo.egg-info/dependency_links.txt
[4.986s] writing entry points to ../../build/grid_slam_gazebo/grid_slam_gazebo.egg-info/entry_points.txt
[4.986s] writing requirements to ../../build/grid_slam_gazebo/grid_slam_gazebo.egg-info/requires.txt
[4.986s] writing top-level names to ../../build/grid_slam_gazebo/grid_slam_gazebo.egg-info/top_level.txt
[4.987s] writing manifest file '../../build/grid_slam_gazebo/grid_slam_gazebo.egg-info/SOURCES.txt'
[5.129s] reading manifest file '../../build/grid_slam_gazebo/grid_slam_gazebo.egg-info/SOURCES.txt'
[5.131s] writing manifest file '../../build/grid_slam_gazebo/grid_slam_gazebo.egg-info/SOURCES.txt'
[5.132s] running build
[5.132s] running build_py
[5.133s] creating /home/cloud/ros2_ws/build/grid_slam_gazebo/build
[5.133s] creating /home/cloud/ros2_ws/build/grid_slam_gazebo/build/lib
[5.133s] creating /home/cloud/ros2_ws/build/grid_slam_gazebo/build/lib/grid_slam_gazebo
[5.134s] copying grid_slam_gazebo/a_star_planner.py -> /home/cloud/ros2_ws/build/grid_slam_gazebo/build/lib/grid_slam_gazebo
[5.135s] copying grid_slam_gazebo/grid_utils.py -> /home/cloud/ros2_ws/build/grid_slam_gazebo/build/lib/grid_slam_gazebo
[5.135s] copying grid_slam_gazebo/grid_slam_node.py -> /home/cloud/ros2_ws/build/grid_slam_gazebo/build/lib/grid_slam_gazebo
[5.136s] copying grid_slam_gazebo/__init__.py -> /home/cloud/ros2_ws/build/grid_slam_gazebo/build/lib/grid_slam_gazebo
[5.136s] copying grid_slam_gazebo/inverse_sensor_model.py -> /home/cloud/ros2_ws/build/grid_slam_gazebo/build/lib/grid_slam_gazebo
[5.139s] running install
[5.151s] running install_lib
[5.224s] creating /home/cloud/ros2_ws/install/grid_slam_gazebo/lib/python3.12/site-packages/grid_slam_gazebo
[5.225s] copying /home/cloud/ros2_ws/build/grid_slam_gazebo/build/lib/grid_slam_gazebo/a_star_planner.py -> /home/cloud/ros2_ws/install/grid_slam_gazebo/lib/python3.12/site-packages/grid_slam_gazebo
[5.225s] copying /home/cloud/ros2_ws/build/grid_slam_gazebo/build/lib/grid_slam_gazebo/grid_utils.py -> /home/cloud/ros2_ws/install/grid_slam_gazebo/lib/python3.12/site-packages/grid_slam_gazebo
[5.225s] copying /home/cloud/ros2_ws/build/grid_slam_gazebo/build/lib/grid_slam_gazebo/grid_slam_node.py -> /home/cloud/ros2_ws/install/grid_slam_gazebo/lib/python3.12/site-packages/grid_slam_gazebo
[5.225s] copying /home/cloud/ros2_ws/build/grid_slam_gazebo/build/lib/grid_slam_gazebo/__init__.py -> /home/cloud/ros2_ws/install/grid_slam_gazebo/lib/python3.12/site-packages/grid_slam_gazebo
[5.226s] copying /home/cloud/ros2_ws/build/grid_slam_gazebo/build/lib/grid_slam_gazebo/inverse_sensor_model.py -> /home/cloud/ros2_ws/install/grid_slam_gazebo/lib/python3.12/site-packages/grid_slam_gazebo
[5.228s] byte-compiling /home/cloud/ros2_ws/install/grid_slam_gazebo/lib/python3.12/site-packages/grid_slam_gazebo/a_star_planner.py to a_star_planner.cpython-312.pyc
[5.228s] byte-compiling /home/cloud/ros2_ws/install/grid_slam_gazebo/lib/python3.12/site-packages/grid_slam_gazebo/grid_utils.py to grid_utils.cpython-312.pyc
[5.229s] byte-compiling /home/cloud/ros2_ws/install/grid_slam_gazebo/lib/python3.12/site-packages/grid_slam_gazebo/grid_slam_node.py to grid_slam_node.cpython-312.pyc
[5.233s] byte-compiling /home/cloud/ros2_ws/install/grid_slam_gazebo/lib/python3.12/site-packages/grid_slam_gazebo/__init__.py to __init__.cpython-312.pyc
[5.235s] byte-compiling /home/cloud/ros2_ws/install/grid_slam_gazebo/lib/python3.12/site-packages/grid_slam_gazebo/inverse_sensor_model.py to inverse_sensor_model.cpython-312.pyc
[5.235s] running install_data
[5.237s] creating /home/cloud/ros2_ws/install/grid_slam_gazebo/share/ament_index
[5.237s] creating /home/cloud/ros2_ws/install/grid_slam_gazebo/share/ament_index/resource_index
[5.237s] creating /home/cloud/ros2_ws/install/grid_slam_gazebo/share/ament_index/resource_index/packages
[5.237s] copying resource/grid_slam_gazebo -> /home/cloud/ros2_ws/install/grid_slam_gazebo/share/ament_index/resource_index/packages
[5.238s] creating /home/cloud/ros2_ws/install/grid_slam_gazebo/share/grid_slam_gazebo/launch
[5.238s] copying launch/grid_slam.launch.py -> /home/cloud/ros2_ws/install/grid_slam_gazebo/share/grid_slam_gazebo/launch
[5.238s] copying launch/gazebo_tb3_world.launch.py -> /home/cloud/ros2_ws/install/grid_slam_gazebo/share/grid_slam_gazebo/launch
[5.238s] copying grid_slam_gazebo/params.yaml -> /home/cloud/ros2_ws/install/grid_slam_gazebo/share/grid_slam_gazebo
[5.239s] running install_egg_info
[5.313s] Copying ../../build/grid_slam_gazebo/grid_slam_gazebo.egg-info to /home/cloud/ros2_ws/install/grid_slam_gazebo/lib/python3.12/site-packages/grid_slam_gazebo-0.0.1-py3.12.egg-info
[5.315s] running install_scripts
[5.838s] Installing grid_slam script to /home/cloud/ros2_ws/install/grid_slam_gazebo/lib/grid_slam_gazebo
[5.838s] writing list of installed files to '/home/cloud/ros2_ws/build/grid_slam_gazebo/install.log'
[6.311s] Invoked command in '/home/cloud/ros2_ws/src/grid_slam_gazebo' returned '0': CONDA_PROMPT_MODIFIER=(base) PYTHONPATH=/home/cloud/ros2_ws/build/grid_slam_gazebo/prefix_override:/usr/lib/python3/dist-packages/colcon_core/task/python/colcon_distutils_commands:/home/cloud/ros2_ws/install/grid_slam_gazebo/lib/python3.12/site-packages:${PYTHONPATH} /usr/bin/python3 -W ignore:setup.py install is deprecated -W ignore:easy_install command is deprecated setup.py egg_info --egg-base ../../build/grid_slam_gazebo build --build-base /home/cloud/ros2_ws/build/grid_slam_gazebo/build install --record /home/cloud/ros2_ws/build/grid_slam_gazebo/install.log --single-version-externally-managed install_data
