[0.188s] DEBUG:colcon:Command line arguments: ['/usr/bin/colcon', 'build']
[0.188s] DEBUG:colcon:Parsed command line arguments: Namespace(log_base=None, log_level=None, verb_name='build', build_base='build', install_base='install', merge_install=False, symlink_install=False, test_result_base=None, continue_on_error=False, executor='parallel', parallel_workers=4, event_handlers=None, ignore_user_meta=False, metas=['./colcon.meta'], base_paths=['.'], packages_ignore=None, packages_ignore_regex=None, paths=None, packages_up_to=None, packages_up_to_regex=None, packages_above=None, packages_above_and_dependencies=None, packages_above_depth=None, packages_select_by_dep=None, packages_skip_by_dep=None, packages_skip_up_to=None, packages_select_build_failed=False, packages_skip_build_finished=False, packages_select_test_failures=False, packages_skip_test_passed=False, packages_select=None, packages_skip=None, packages_select_regex=None, packages_skip_regex=None, packages_start=None, packages_end=None, allow_overriding=[], cmake_args=None, cmake_target=None, cmake_target_skip_unavailable=False, cmake_clean_cache=False, cmake_clean_first=False, cmake_force_configure=False, ament_cmake_args=None, catkin_cmake_args=None, catkin_skip_building_tests=False, verb_parser=<colcon_defaults.argument_parser.defaults.DefaultArgumentsDecorator object at 0x7b683a463560>, verb_extension=<colcon_core.verb.build.BuildVerb object at 0x7b683a558b90>, main=<bound method BuildVerb.main of <colcon_core.verb.build.BuildVerb object at 0x7b683a558b90>>)
[0.257s] Level 1:colcon.colcon_core.package_discovery:discover_packages(colcon_meta) check parameters
[0.258s] Level 1:colcon.colcon_core.package_discovery:discover_packages(recursive) check parameters
[0.258s] Level 1:colcon.colcon_core.package_discovery:discover_packages(ignore) check parameters
[0.258s] Level 1:colcon.colcon_core.package_discovery:discover_packages(path) check parameters
[0.258s] Level 1:colcon.colcon_core.package_discovery:discover_packages(colcon_meta) discover
[0.258s] Level 1:colcon.colcon_core.package_discovery:discover_packages(recursive) discover
[0.258s] INFO:colcon.colcon_core.package_discovery:Crawling recursively for packages in '/home/cloud/ros2_ws'
[0.258s] Level 1:colcon.colcon_core.package_identification:_identify(.) by extensions ['ignore', 'ignore_ament_install']
[0.258s] Level 1:colcon.colcon_core.package_identification:_identify(.) by extension 'ignore'
[0.258s] Level 1:colcon.colcon_core.package_identification:_identify(.) by extension 'ignore_ament_install'
[0.259s] Level 1:colcon.colcon_core.package_identification:_identify(.) by extensions ['colcon_pkg']
[0.259s] Level 1:colcon.colcon_core.package_identification:_identify(.) by extension 'colcon_pkg'
[0.259s] Level 1:colcon.colcon_core.package_identification:_identify(.) by extensions ['colcon_meta']
[0.259s] Level 1:colcon.colcon_core.package_identification:_identify(.) by extension 'colcon_meta'
[0.259s] Level 1:colcon.colcon_core.package_identification:_identify(.) by extensions ['ros']
[0.259s] Level 1:colcon.colcon_core.package_identification:_identify(.) by extension 'ros'
[0.304s] Level 1:colcon.colcon_core.package_identification:_identify(.) by extensions ['cmake', 'python']
[0.304s] Level 1:colcon.colcon_core.package_identification:_identify(.) by extension 'cmake'
[0.304s] Level 1:colcon.colcon_core.package_identification:_identify(.) by extension 'python'
[0.304s] Level 1:colcon.colcon_core.package_identification:_identify(.) by extensions ['python_setup_py']
[0.304s] Level 1:colcon.colcon_core.package_identification:_identify(.) by extension 'python_setup_py'
[0.304s] Level 1:colcon.colcon_core.package_identification:_identify(build) by extensions ['ignore', 'ignore_ament_install']
[0.304s] Level 1:colcon.colcon_core.package_identification:_identify(build) by extension 'ignore'
[0.304s] Level 1:colcon.colcon_core.package_identification:_identify(build) ignored
[0.305s] Level 1:colcon.colcon_core.package_identification:_identify(install) by extensions ['ignore', 'ignore_ament_install']
[0.305s] Level 1:colcon.colcon_core.package_identification:_identify(install) by extension 'ignore'
[0.305s] Level 1:colcon.colcon_core.package_identification:_identify(install) ignored
[0.305s] Level 1:colcon.colcon_core.package_identification:_identify(log) by extensions ['ignore', 'ignore_ament_install']
[0.305s] Level 1:colcon.colcon_core.package_identification:_identify(log) by extension 'ignore'
[0.305s] Level 1:colcon.colcon_core.package_identification:_identify(log) ignored
[0.305s] Level 1:colcon.colcon_core.package_identification:_identify(src) by extensions ['ignore', 'ignore_ament_install']
[0.305s] Level 1:colcon.colcon_core.package_identification:_identify(src) by extension 'ignore'
[0.305s] Level 1:colcon.colcon_core.package_identification:_identify(src) by extension 'ignore_ament_install'
[0.306s] Level 1:colcon.colcon_core.package_identification:_identify(src) by extensions ['colcon_pkg']
[0.306s] Level 1:colcon.colcon_core.package_identification:_identify(src) by extension 'colcon_pkg'
[0.306s] Level 1:colcon.colcon_core.package_identification:_identify(src) by extensions ['colcon_meta']
[0.306s] Level 1:colcon.colcon_core.package_identification:_identify(src) by extension 'colcon_meta'
[0.306s] Level 1:colcon.colcon_core.package_identification:_identify(src) by extensions ['ros']
[0.306s] Level 1:colcon.colcon_core.package_identification:_identify(src) by extension 'ros'
[0.306s] Level 1:colcon.colcon_core.package_identification:_identify(src) by extensions ['cmake', 'python']
[0.306s] Level 1:colcon.colcon_core.package_identification:_identify(src) by extension 'cmake'
[0.306s] Level 1:colcon.colcon_core.package_identification:_identify(src) by extension 'python'
[0.306s] Level 1:colcon.colcon_core.package_identification:_identify(src) by extensions ['python_setup_py']
[0.306s] Level 1:colcon.colcon_core.package_identification:_identify(src) by extension 'python_setup_py'
[0.306s] Level 1:colcon.colcon_core.package_identification:_identify(src/a_star_planner_gazebo) by extensions ['ignore', 'ignore_ament_install']
[0.307s] Level 1:colcon.colcon_core.package_identification:_identify(src/a_star_planner_gazebo) by extension 'ignore'
[0.307s] Level 1:colcon.colcon_core.package_identification:_identify(src/a_star_planner_gazebo) by extension 'ignore_ament_install'
[0.307s] Level 1:colcon.colcon_core.package_identification:_identify(src/a_star_planner_gazebo) by extensions ['colcon_pkg']
[0.307s] Level 1:colcon.colcon_core.package_identification:_identify(src/a_star_planner_gazebo) by extension 'colcon_pkg'
[0.307s] Level 1:colcon.colcon_core.package_identification:_identify(src/a_star_planner_gazebo) by extensions ['colcon_meta']
[0.307s] Level 1:colcon.colcon_core.package_identification:_identify(src/a_star_planner_gazebo) by extension 'colcon_meta'
[0.307s] Level 1:colcon.colcon_core.package_identification:_identify(src/a_star_planner_gazebo) by extensions ['ros']
[0.307s] Level 1:colcon.colcon_core.package_identification:_identify(src/a_star_planner_gazebo) by extension 'ros'
[0.311s] DEBUG:colcon.colcon_core.package_identification:Package 'src/a_star_planner_gazebo' with type 'ros.ament_python' and name 'a_star_planner_gazebo'
[0.311s] Level 1:colcon.colcon_core.package_identification:_identify(src/dl_traversability_layer) by extensions ['ignore', 'ignore_ament_install']
[0.311s] Level 1:colcon.colcon_core.package_identification:_identify(src/dl_traversability_layer) by extension 'ignore'
[0.311s] Level 1:colcon.colcon_core.package_identification:_identify(src/dl_traversability_layer) by extension 'ignore_ament_install'
[0.311s] Level 1:colcon.colcon_core.package_identification:_identify(src/dl_traversability_layer) by extensions ['colcon_pkg']
[0.311s] Level 1:colcon.colcon_core.package_identification:_identify(src/dl_traversability_layer) by extension 'colcon_pkg'
[0.311s] Level 1:colcon.colcon_core.package_identification:_identify(src/dl_traversability_layer) by extensions ['colcon_meta']
[0.311s] Level 1:colcon.colcon_core.package_identification:_identify(src/dl_traversability_layer) by extension 'colcon_meta'
[0.312s] Level 1:colcon.colcon_core.package_identification:_identify(src/dl_traversability_layer) by extensions ['ros']
[0.312s] Level 1:colcon.colcon_core.package_identification:_identify(src/dl_traversability_layer) by extension 'ros'
[0.312s] DEBUG:colcon.colcon_core.package_identification:Package 'src/dl_traversability_layer' with type 'ros.ament_python' and name 'dl_traversability_layer'
[0.313s] Level 1:colcon.colcon_core.package_identification:_identify(src/grid_slam_gazebo) by extensions ['ignore', 'ignore_ament_install']
[0.313s] Level 1:colcon.colcon_core.package_identification:_identify(src/grid_slam_gazebo) by extension 'ignore'
[0.313s] Level 1:colcon.colcon_core.package_identification:_identify(src/grid_slam_gazebo) by extension 'ignore_ament_install'
[0.313s] Level 1:colcon.colcon_core.package_identification:_identify(src/grid_slam_gazebo) by extensions ['colcon_pkg']
[0.313s] Level 1:colcon.colcon_core.package_identification:_identify(src/grid_slam_gazebo) by extension 'colcon_pkg'
[0.313s] Level 1:colcon.colcon_core.package_identification:_identify(src/grid_slam_gazebo) by extensions ['colcon_meta']
[0.313s] Level 1:colcon.colcon_core.package_identification:_identify(src/grid_slam_gazebo) by extension 'colcon_meta'
[0.313s] Level 1:colcon.colcon_core.package_identification:_identify(src/grid_slam_gazebo) by extensions ['ros']
[0.313s] Level 1:colcon.colcon_core.package_identification:_identify(src/grid_slam_gazebo) by extension 'ros'
[0.314s] DEBUG:colcon.colcon_core.package_identification:Package 'src/grid_slam_gazebo' with type 'ros.ament_python' and name 'grid_slam_gazebo'
[0.314s] Level 1:colcon.colcon_core.package_identification:_identify(src/markov_localization_gazebo) by extensions ['ignore', 'ignore_ament_install']
[0.314s] Level 1:colcon.colcon_core.package_identification:_identify(src/markov_localization_gazebo) by extension 'ignore'
[0.314s] Level 1:colcon.colcon_core.package_identification:_identify(src/markov_localization_gazebo) by extension 'ignore_ament_install'
[0.314s] Level 1:colcon.colcon_core.package_identification:_identify(src/markov_localization_gazebo) by extensions ['colcon_pkg']
[0.314s] Level 1:colcon.colcon_core.package_identification:_identify(src/markov_localization_gazebo) by extension 'colcon_pkg'
[0.315s] Level 1:colcon.colcon_core.package_identification:_identify(src/markov_localization_gazebo) by extensions ['colcon_meta']
[0.315s] Level 1:colcon.colcon_core.package_identification:_identify(src/markov_localization_gazebo) by extension 'colcon_meta'
[0.315s] Level 1:colcon.colcon_core.package_identification:_identify(src/markov_localization_gazebo) by extensions ['ros']
[0.315s] Level 1:colcon.colcon_core.package_identification:_identify(src/markov_localization_gazebo) by extension 'ros'
[0.315s] DEBUG:colcon.colcon_core.package_identification:Package 'src/markov_localization_gazebo' with type 'ros.ament_python' and name 'markov_localization_gazebo'
[0.316s] Level 1:colcon.colcon_core.package_identification:_identify(src/my_turtlebot3_gazebo) by extensions ['ignore', 'ignore_ament_install']
[0.316s] Level 1:colcon.colcon_core.package_identification:_identify(src/my_turtlebot3_gazebo) by extension 'ignore'
[0.316s] Level 1:colcon.colcon_core.package_identification:_identify(src/my_turtlebot3_gazebo) by extension 'ignore_ament_install'
[0.316s] Level 1:colcon.colcon_core.package_identification:_identify(src/my_turtlebot3_gazebo) by extensions ['colcon_pkg']
[0.316s] Level 1:colcon.colcon_core.package_identification:_identify(src/my_turtlebot3_gazebo) by extension 'colcon_pkg'
[0.316s] Level 1:colcon.colcon_core.package_identification:_identify(src/my_turtlebot3_gazebo) by extensions ['colcon_meta']
[0.316s] Level 1:colcon.colcon_core.package_identification:_identify(src/my_turtlebot3_gazebo) by extension 'colcon_meta'
[0.316s] Level 1:colcon.colcon_core.package_identification:_identify(src/my_turtlebot3_gazebo) by extensions ['ros']
[0.316s] Level 1:colcon.colcon_core.package_identification:_identify(src/my_turtlebot3_gazebo) by extension 'ros'
[0.317s] DEBUG:colcon.colcon_core.package_identification:Package 'src/my_turtlebot3_gazebo' with type 'ros.ament_python' and name 'my_turtlebot3_gazebo'
[0.317s] Level 1:colcon.colcon_core.package_discovery:discover_packages(recursive) using defaults
[0.317s] Level 1:colcon.colcon_core.package_discovery:discover_packages(ignore) discover
[0.317s] Level 1:colcon.colcon_core.package_discovery:discover_packages(ignore) using defaults
[0.317s] Level 1:colcon.colcon_core.package_discovery:discover_packages(path) discover
[0.317s] Level 1:colcon.colcon_core.package_discovery:discover_packages(path) using defaults
[0.347s] Level 1:colcon.colcon_core.package_discovery:discover_packages(prefix_path) check parameters
[0.347s] Level 1:colcon.colcon_core.package_discovery:discover_packages(prefix_path) discover
[0.348s] WARNING:colcon.colcon_ros.prefix_path.ament:The path '/home/cloud/ros2_ws/install/my_turtlebot3_gazebo' in the environment variable AMENT_PREFIX_PATH doesn't exist
[0.349s] WARNING:colcon.colcon_ros.prefix_path.ament:The path '/home/cloud/ros2_ws/install/markov_localization_gazebo' in the environment variable AMENT_PREFIX_PATH doesn't exist
[0.349s] WARNING:colcon.colcon_ros.prefix_path.ament:The path '/home/cloud/ros2_ws/install/grid_slam_gazebo' in the environment variable AMENT_PREFIX_PATH doesn't exist
[0.349s] WARNING:colcon.colcon_ros.prefix_path.ament:The path '/home/cloud/ros2_ws/install/dl_traversability_layer' in the environment variable AMENT_PREFIX_PATH doesn't exist
[0.349s] WARNING:colcon.colcon_ros.prefix_path.ament:The path '/home/cloud/ros2_ws/install/a_star_planner_gazebo' in the environment variable AMENT_PREFIX_PATH doesn't exist
[0.351s] DEBUG:colcon.colcon_installed_package_information.package_discovery:Found 0 installed packages in /home/cloud/ros2_ws/install
[0.356s] DEBUG:colcon.colcon_installed_package_information.package_discovery:Found 484 installed packages in /opt/ros/jazzy
[0.359s] Level 1:colcon.colcon_core.package_discovery:discover_packages(prefix_path) using defaults
[0.486s] Level 5:colcon.colcon_core.verb:set package 'a_star_planner_gazebo' build argument 'cmake_args' from command line to 'None'
[0.486s] Level 5:colcon.colcon_core.verb:set package 'a_star_planner_gazebo' build argument 'cmake_target' from command line to 'None'
[0.486s] Level 5:colcon.colcon_core.verb:set package 'a_star_planner_gazebo' build argument 'cmake_target_skip_unavailable' from command line to 'False'
[0.486s] Level 5:colcon.colcon_core.verb:set package 'a_star_planner_gazebo' build argument 'cmake_clean_cache' from command line to 'False'
[0.487s] Level 5:colcon.colcon_core.verb:set package 'a_star_planner_gazebo' build argument 'cmake_clean_first' from command line to 'False'
[0.487s] Level 5:colcon.colcon_core.verb:set package 'a_star_planner_gazebo' build argument 'cmake_force_configure' from command line to 'False'
[0.487s] Level 5:colcon.colcon_core.verb:set package 'a_star_planner_gazebo' build argument 'ament_cmake_args' from command line to 'None'
[0.487s] Level 5:colcon.colcon_core.verb:set package 'a_star_planner_gazebo' build argument 'catkin_cmake_args' from command line to 'None'
[0.487s] Level 5:colcon.colcon_core.verb:set package 'a_star_planner_gazebo' build argument 'catkin_skip_building_tests' from command line to 'False'
[0.487s] DEBUG:colcon.colcon_core.verb:Building package 'a_star_planner_gazebo' with the following arguments: {'ament_cmake_args': None, 'build_base': '/home/cloud/ros2_ws/build/a_star_planner_gazebo', 'catkin_cmake_args': None, 'catkin_skip_building_tests': False, 'cmake_args': None, 'cmake_clean_cache': False, 'cmake_clean_first': False, 'cmake_force_configure': False, 'cmake_target': None, 'cmake_target_skip_unavailable': False, 'install_base': '/home/cloud/ros2_ws/install/a_star_planner_gazebo', 'merge_install': False, 'path': '/home/cloud/ros2_ws/src/a_star_planner_gazebo', 'symlink_install': False, 'test_result_base': None}
[0.487s] Level 5:colcon.colcon_core.verb:set package 'dl_traversability_layer' build argument 'cmake_args' from command line to 'None'
[0.487s] Level 5:colcon.colcon_core.verb:set package 'dl_traversability_layer' build argument 'cmake_target' from command line to 'None'
[0.487s] Level 5:colcon.colcon_core.verb:set package 'dl_traversability_layer' build argument 'cmake_target_skip_unavailable' from command line to 'False'
[0.487s] Level 5:colcon.colcon_core.verb:set package 'dl_traversability_layer' build argument 'cmake_clean_cache' from command line to 'False'
[0.487s] Level 5:colcon.colcon_core.verb:set package 'dl_traversability_layer' build argument 'cmake_clean_first' from command line to 'False'
[0.487s] Level 5:colcon.colcon_core.verb:set package 'dl_traversability_layer' build argument 'cmake_force_configure' from command line to 'False'
[0.488s] Level 5:colcon.colcon_core.verb:set package 'dl_traversability_layer' build argument 'ament_cmake_args' from command line to 'None'
[0.488s] Level 5:colcon.colcon_core.verb:set package 'dl_traversability_layer' build argument 'catkin_cmake_args' from command line to 'None'
[0.488s] Level 5:colcon.colcon_core.verb:set package 'dl_traversability_layer' build argument 'catkin_skip_building_tests' from command line to 'False'
[0.488s] DEBUG:colcon.colcon_core.verb:Building package 'dl_traversability_layer' with the following arguments: {'ament_cmake_args': None, 'build_base': '/home/cloud/ros2_ws/build/dl_traversability_layer', 'catkin_cmake_args': None, 'catkin_skip_building_tests': False, 'cmake_args': None, 'cmake_clean_cache': False, 'cmake_clean_first': False, 'cmake_force_configure': False, 'cmake_target': None, 'cmake_target_skip_unavailable': False, 'install_base': '/home/cloud/ros2_ws/install/dl_traversability_layer', 'merge_install': False, 'path': '/home/cloud/ros2_ws/src/dl_traversability_layer', 'symlink_install': False, 'test_result_base': None}
[0.488s] Level 5:colcon.colcon_core.verb:set package 'grid_slam_gazebo' build argument 'cmake_args' from command line to 'None'
[0.488s] Level 5:colcon.colcon_core.verb:set package 'grid_slam_gazebo' build argument 'cmake_target' from command line to 'None'
[0.488s] Level 5:colcon.colcon_core.verb:set package 'grid_slam_gazebo' build argument 'cmake_target_skip_unavailable' from command line to 'False'
[0.488s] Level 5:colcon.colcon_core.verb:set package 'grid_slam_gazebo' build argument 'cmake_clean_cache' from command line to 'False'
[0.488s] Level 5:colcon.colcon_core.verb:set package 'grid_slam_gazebo' build argument 'cmake_clean_first' from command line to 'False'
[0.488s] Level 5:colcon.colcon_core.verb:set package 'grid_slam_gazebo' build argument 'cmake_force_configure' from command line to 'False'
[0.488s] Level 5:colcon.colcon_core.verb:set package 'grid_slam_gazebo' build argument 'ament_cmake_args' from command line to 'None'
[0.488s] Level 5:colcon.colcon_core.verb:set package 'grid_slam_gazebo' build argument 'catkin_cmake_args' from command line to 'None'
[0.488s] Level 5:colcon.colcon_core.verb:set package 'grid_slam_gazebo' build argument 'catkin_skip_building_tests' from command line to 'False'
[0.488s] DEBUG:colcon.colcon_core.verb:Building package 'grid_slam_gazebo' with the following arguments: {'ament_cmake_args': None, 'build_base': '/home/cloud/ros2_ws/build/grid_slam_gazebo', 'catkin_cmake_args': None, 'catkin_skip_building_tests': False, 'cmake_args': None, 'cmake_clean_cache': False, 'cmake_clean_first': False, 'cmake_force_configure': False, 'cmake_target': None, 'cmake_target_skip_unavailable': False, 'install_base': '/home/cloud/ros2_ws/install/grid_slam_gazebo', 'merge_install': False, 'path': '/home/cloud/ros2_ws/src/grid_slam_gazebo', 'symlink_install': False, 'test_result_base': None}
[0.489s] Level 5:colcon.colcon_core.verb:set package 'markov_localization_gazebo' build argument 'cmake_args' from command line to 'None'
[0.489s] Level 5:colcon.colcon_core.verb:set package 'markov_localization_gazebo' build argument 'cmake_target' from command line to 'None'
[0.489s] Level 5:colcon.colcon_core.verb:set package 'markov_localization_gazebo' build argument 'cmake_target_skip_unavailable' from command line to 'False'
[0.489s] Level 5:colcon.colcon_core.verb:set package 'markov_localization_gazebo' build argument 'cmake_clean_cache' from command line to 'False'
[0.489s] Level 5:colcon.colcon_core.verb:set package 'markov_localization_gazebo' build argument 'cmake_clean_first' from command line to 'False'
[0.489s] Level 5:colcon.colcon_core.verb:set package 'markov_localization_gazebo' build argument 'cmake_force_configure' from command line to 'False'
[0.489s] Level 5:colcon.colcon_core.verb:set package 'markov_localization_gazebo' build argument 'ament_cmake_args' from command line to 'None'
[0.489s] Level 5:colcon.colcon_core.verb:set package 'markov_localization_gazebo' build argument 'catkin_cmake_args' from command line to 'None'
[0.489s] Level 5:colcon.colcon_core.verb:set package 'markov_localization_gazebo' build argument 'catkin_skip_building_tests' from command line to 'False'
[0.489s] DEBUG:colcon.colcon_core.verb:Building package 'markov_localization_gazebo' with the following arguments: {'ament_cmake_args': None, 'build_base': '/home/cloud/ros2_ws/build/markov_localization_gazebo', 'catkin_cmake_args': None, 'catkin_skip_building_tests': False, 'cmake_args': None, 'cmake_clean_cache': False, 'cmake_clean_first': False, 'cmake_force_configure': False, 'cmake_target': None, 'cmake_target_skip_unavailable': False, 'install_base': '/home/cloud/ros2_ws/install/markov_localization_gazebo', 'merge_install': False, 'path': '/home/cloud/ros2_ws/src/markov_localization_gazebo', 'symlink_install': False, 'test_result_base': None}
[0.490s] Level 5:colcon.colcon_core.verb:set package 'my_turtlebot3_gazebo' build argument 'cmake_args' from command line to 'None'
[0.490s] Level 5:colcon.colcon_core.verb:set package 'my_turtlebot3_gazebo' build argument 'cmake_target' from command line to 'None'
[0.490s] Level 5:colcon.colcon_core.verb:set package 'my_turtlebot3_gazebo' build argument 'cmake_target_skip_unavailable' from command line to 'False'
[0.490s] Level 5:colcon.colcon_core.verb:set package 'my_turtlebot3_gazebo' build argument 'cmake_clean_cache' from command line to 'False'
[0.490s] Level 5:colcon.colcon_core.verb:set package 'my_turtlebot3_gazebo' build argument 'cmake_clean_first' from command line to 'False'
[0.490s] Level 5:colcon.colcon_core.verb:set package 'my_turtlebot3_gazebo' build argument 'cmake_force_configure' from command line to 'False'
[0.490s] Level 5:colcon.colcon_core.verb:set package 'my_turtlebot3_gazebo' build argument 'ament_cmake_args' from command line to 'None'
[0.490s] Level 5:colcon.colcon_core.verb:set package 'my_turtlebot3_gazebo' build argument 'catkin_cmake_args' from command line to 'None'
[0.490s] Level 5:colcon.colcon_core.verb:set package 'my_turtlebot3_gazebo' build argument 'catkin_skip_building_tests' from command line to 'False'
[0.490s] DEBUG:colcon.colcon_core.verb:Building package 'my_turtlebot3_gazebo' with the following arguments: {'ament_cmake_args': None, 'build_base': '/home/cloud/ros2_ws/build/my_turtlebot3_gazebo', 'catkin_cmake_args': None, 'catkin_skip_building_tests': False, 'cmake_args': None, 'cmake_clean_cache': False, 'cmake_clean_first': False, 'cmake_force_configure': False, 'cmake_target': None, 'cmake_target_skip_unavailable': False, 'install_base': '/home/cloud/ros2_ws/install/my_turtlebot3_gazebo', 'merge_install': False, 'path': '/home/cloud/ros2_ws/src/my_turtlebot3_gazebo', 'symlink_install': False, 'test_result_base': None}
[0.490s] INFO:colcon.colcon_core.executor:Executing jobs using 'parallel' executor
[0.492s] DEBUG:colcon.colcon_parallel_executor.executor.parallel:run_until_complete
[0.492s] INFO:colcon.colcon_ros.task.ament_python.build:Building ROS package in '/home/cloud/ros2_ws/src/a_star_planner_gazebo' with build type 'ament_python'
[0.492s] Level 1:colcon.colcon_core.shell:create_environment_hook('a_star_planner_gazebo', 'ament_prefix_path')
[0.496s] INFO:colcon.colcon_core.plugin_system:Skipping extension 'colcon_core.shell.bat': Not used on non-Windows systems
[0.497s] INFO:colcon.colcon_core.shell:Creating environment hook '/home/cloud/ros2_ws/install/a_star_planner_gazebo/share/a_star_planner_gazebo/hook/ament_prefix_path.ps1'
[0.498s] INFO:colcon.colcon_core.shell:Creating environment descriptor '/home/cloud/ros2_ws/install/a_star_planner_gazebo/share/a_star_planner_gazebo/hook/ament_prefix_path.dsv'
[0.499s] INFO:colcon.colcon_core.shell:Creating environment hook '/home/cloud/ros2_ws/install/a_star_planner_gazebo/share/a_star_planner_gazebo/hook/ament_prefix_path.sh'
[0.500s] INFO:colcon.colcon_core.shell:Skip shell extension 'powershell' for command environment: Not usable outside of PowerShell
[0.500s] DEBUG:colcon.colcon_core.shell:Skip shell extension 'dsv' for command environment
[0.508s] INFO:colcon.colcon_ros.task.ament_python.build:Building ROS package in '/home/cloud/ros2_ws/src/dl_traversability_layer' with build type 'ament_python'
[0.508s] Level 1:colcon.colcon_core.shell:create_environment_hook('dl_traversability_layer', 'ament_prefix_path')
[0.509s] INFO:colcon.colcon_core.shell:Creating environment hook '/home/cloud/ros2_ws/install/dl_traversability_layer/share/dl_traversability_layer/hook/ament_prefix_path.ps1'
[0.510s] INFO:colcon.colcon_core.shell:Creating environment descriptor '/home/cloud/ros2_ws/install/dl_traversability_layer/share/dl_traversability_layer/hook/ament_prefix_path.dsv'
[0.510s] INFO:colcon.colcon_core.shell:Creating environment hook '/home/cloud/ros2_ws/install/dl_traversability_layer/share/dl_traversability_layer/hook/ament_prefix_path.sh'
[0.511s] INFO:colcon.colcon_core.shell:Skip shell extension 'powershell' for command environment: Not usable outside of PowerShell
[0.511s] DEBUG:colcon.colcon_core.shell:Skip shell extension 'dsv' for command environment
[0.520s] INFO:colcon.colcon_ros.task.ament_python.build:Building ROS package in '/home/cloud/ros2_ws/src/grid_slam_gazebo' with build type 'ament_python'
[0.521s] Level 1:colcon.colcon_core.shell:create_environment_hook('grid_slam_gazebo', 'ament_prefix_path')
[0.521s] INFO:colcon.colcon_core.shell:Creating environment hook '/home/cloud/ros2_ws/install/grid_slam_gazebo/share/grid_slam_gazebo/hook/ament_prefix_path.ps1'
[0.522s] INFO:colcon.colcon_core.shell:Creating environment descriptor '/home/cloud/ros2_ws/install/grid_slam_gazebo/share/grid_slam_gazebo/hook/ament_prefix_path.dsv'
[0.523s] INFO:colcon.colcon_core.shell:Creating environment hook '/home/cloud/ros2_ws/install/grid_slam_gazebo/share/grid_slam_gazebo/hook/ament_prefix_path.sh'
[0.524s] INFO:colcon.colcon_core.shell:Skip shell extension 'powershell' for command environment: Not usable outside of PowerShell
[0.524s] DEBUG:colcon.colcon_core.shell:Skip shell extension 'dsv' for command environment
[0.533s] INFO:colcon.colcon_ros.task.ament_python.build:Building ROS package in '/home/cloud/ros2_ws/src/markov_localization_gazebo' with build type 'ament_python'
[0.533s] Level 1:colcon.colcon_core.shell:create_environment_hook('markov_localization_gazebo', 'ament_prefix_path')
[0.534s] INFO:colcon.colcon_core.shell:Creating environment hook '/home/cloud/ros2_ws/install/markov_localization_gazebo/share/markov_localization_gazebo/hook/ament_prefix_path.ps1'
[0.535s] INFO:colcon.colcon_core.shell:Creating environment descriptor '/home/cloud/ros2_ws/install/markov_localization_gazebo/share/markov_localization_gazebo/hook/ament_prefix_path.dsv'
[0.536s] INFO:colcon.colcon_core.shell:Creating environment hook '/home/cloud/ros2_ws/install/markov_localization_gazebo/share/markov_localization_gazebo/hook/ament_prefix_path.sh'
[0.537s] INFO:colcon.colcon_core.shell:Skip shell extension 'powershell' for command environment: Not usable outside of PowerShell
[0.537s] DEBUG:colcon.colcon_core.shell:Skip shell extension 'dsv' for command environment
[0.986s] WARNING:colcon.colcon_ros.task.ament_python.build:Package 'a_star_planner_gazebo' doesn't explicitly install the 'package.xml' file (colcon-ros currently does it implicitly but that fallback will be removed in the future)
[0.986s] INFO:colcon.colcon_core.task.python.build:Building Python package in '/home/cloud/ros2_ws/src/a_star_planner_gazebo'
[0.987s] INFO:colcon.colcon_core.shell:Skip shell extension 'powershell' for command environment: Not usable outside of PowerShell
[0.987s] DEBUG:colcon.colcon_core.shell:Skip shell extension 'dsv' for command environment
[1.426s] WARNING:colcon.colcon_ros.task.ament_python.build:Package 'dl_traversability_layer' doesn't explicitly install the 'package.xml' file (colcon-ros currently does it implicitly but that fallback will be removed in the future)
[1.427s] INFO:colcon.colcon_core.task.python.build:Building Python package in '/home/cloud/ros2_ws/src/dl_traversability_layer'
[1.427s] INFO:colcon.colcon_core.shell:Skip shell extension 'powershell' for command environment: Not usable outside of PowerShell
[1.427s] DEBUG:colcon.colcon_core.shell:Skip shell extension 'dsv' for command environment
[1.856s] WARNING:colcon.colcon_ros.task.ament_python.build:Package 'grid_slam_gazebo' doesn't explicitly install the 'package.xml' file (colcon-ros currently does it implicitly but that fallback will be removed in the future)
[1.856s] INFO:colcon.colcon_core.task.python.build:Building Python package in '/home/cloud/ros2_ws/src/grid_slam_gazebo'
[1.857s] INFO:colcon.colcon_core.shell:Skip shell extension 'powershell' for command environment: Not usable outside of PowerShell
[1.857s] DEBUG:colcon.colcon_core.shell:Skip shell extension 'dsv' for command environment
[2.285s] INFO:colcon.colcon_core.task.python.build:Building Python package in '/home/cloud/ros2_ws/src/markov_localization_gazebo'
[2.286s] INFO:colcon.colcon_core.shell:Skip shell extension 'powershell' for command environment: Not usable outside of PowerShell
[2.286s] DEBUG:colcon.colcon_core.shell:Skip shell extension 'dsv' for command environment
[4.371s] DEBUG:colcon.colcon_core.event_handler.log_command:Invoking command in '/home/cloud/ros2_ws/src/markov_localization_gazebo': CONDA_PROMPT_MODIFIER=(base) PYTHONPATH=/home/cloud/ros2_ws/build/markov_localization_gazebo/prefix_override:/usr/lib/python3/dist-packages/colcon_core/task/python/colcon_distutils_commands:/home/cloud/ros2_ws/install/markov_localization_gazebo/lib/python3.12/site-packages:${PYTHONPATH} /usr/bin/python3 -W ignore:setup.py install is deprecated -W ignore:easy_install command is deprecated setup.py egg_info --egg-base ../../build/markov_localization_gazebo build --build-base /home/cloud/ros2_ws/build/markov_localization_gazebo/build install --record /home/cloud/ros2_ws/build/markov_localization_gazebo/install.log --single-version-externally-managed install_data
[4.455s] DEBUG:colcon.colcon_core.event_handler.log_command:Invoking command in '/home/cloud/ros2_ws/src/a_star_planner_gazebo': CONDA_PROMPT_MODIFIER=(base) PYTHONPATH=/home/cloud/ros2_ws/build/a_star_planner_gazebo/prefix_override:/usr/lib/python3/dist-packages/colcon_core/task/python/colcon_distutils_commands:/home/cloud/ros2_ws/install/a_star_planner_gazebo/lib/python3.12/site-packages:${PYTHONPATH} /usr/bin/python3 -W ignore:setup.py install is deprecated -W ignore:easy_install command is deprecated setup.py egg_info --egg-base ../../build/a_star_planner_gazebo build --build-base /home/cloud/ros2_ws/build/a_star_planner_gazebo/build install --record /home/cloud/ros2_ws/build/a_star_planner_gazebo/install.log --single-version-externally-managed install_data
[4.580s] DEBUG:colcon.colcon_core.event_handler.log_command:Invoking command in '/home/cloud/ros2_ws/src/grid_slam_gazebo': CONDA_PROMPT_MODIFIER=(base) PYTHONPATH=/home/cloud/ros2_ws/build/grid_slam_gazebo/prefix_override:/usr/lib/python3/dist-packages/colcon_core/task/python/colcon_distutils_commands:/home/cloud/ros2_ws/install/grid_slam_gazebo/lib/python3.12/site-packages:${PYTHONPATH} /usr/bin/python3 -W ignore:setup.py install is deprecated -W ignore:easy_install command is deprecated setup.py egg_info --egg-base ../../build/grid_slam_gazebo build --build-base /home/cloud/ros2_ws/build/grid_slam_gazebo/build install --record /home/cloud/ros2_ws/build/grid_slam_gazebo/install.log --single-version-externally-managed install_data
[4.681s] DEBUG:colcon.colcon_core.event_handler.log_command:Invoking command in '/home/cloud/ros2_ws/src/dl_traversability_layer': CONDA_PROMPT_MODIFIER=(base) PYTHONPATH=/home/cloud/ros2_ws/build/dl_traversability_layer/prefix_override:/usr/lib/python3/dist-packages/colcon_core/task/python/colcon_distutils_commands:/home/cloud/ros2_ws/install/dl_traversability_layer/lib/python3.12/site-packages:${PYTHONPATH} /usr/bin/python3 -W ignore:setup.py install is deprecated -W ignore:easy_install command is deprecated setup.py egg_info --egg-base ../../build/dl_traversability_layer build --build-base /home/cloud/ros2_ws/build/dl_traversability_layer/build install --record /home/cloud/ros2_ws/build/dl_traversability_layer/install.log --single-version-externally-managed install_data
[6.009s] DEBUG:colcon.colcon_core.event_handler.log_command:Invoked command in '/home/cloud/ros2_ws/src/markov_localization_gazebo' returned '0': CONDA_PROMPT_MODIFIER=(base) PYTHONPATH=/home/cloud/ros2_ws/build/markov_localization_gazebo/prefix_override:/usr/lib/python3/dist-packages/colcon_core/task/python/colcon_distutils_commands:/home/cloud/ros2_ws/install/markov_localization_gazebo/lib/python3.12/site-packages:${PYTHONPATH} /usr/bin/python3 -W ignore:setup.py install is deprecated -W ignore:easy_install command is deprecated setup.py egg_info --egg-base ../../build/markov_localization_gazebo build --build-base /home/cloud/ros2_ws/build/markov_localization_gazebo/build install --record /home/cloud/ros2_ws/build/markov_localization_gazebo/install.log --single-version-externally-managed install_data
[6.014s] Level 1:colcon.colcon_core.environment:checking '/home/cloud/ros2_ws/install/markov_localization_gazebo' for CMake module files
[6.016s] Level 1:colcon.colcon_core.environment:checking '/home/cloud/ros2_ws/install/markov_localization_gazebo' for CMake config files
[6.018s] Level 1:colcon.colcon_core.environment:checking '/home/cloud/ros2_ws/install/markov_localization_gazebo/lib'
[6.018s] Level 1:colcon.colcon_core.environment:checking '/home/cloud/ros2_ws/install/markov_localization_gazebo/bin'
[6.019s] Level 1:colcon.colcon_core.environment:checking '/home/cloud/ros2_ws/install/markov_localization_gazebo/lib/pkgconfig/markov_localization_gazebo.pc'
[6.019s] Level 1:colcon.colcon_core.environment:checking '/home/cloud/ros2_ws/install/markov_localization_gazebo/lib/python3.12/site-packages'
[6.019s] Level 1:colcon.colcon_core.shell:create_environment_hook('markov_localization_gazebo', 'pythonpath')
[6.020s] INFO:colcon.colcon_core.shell:Creating environment hook '/home/cloud/ros2_ws/install/markov_localization_gazebo/share/markov_localization_gazebo/hook/pythonpath.ps1'
[6.021s] INFO:colcon.colcon_core.shell:Creating environment descriptor '/home/cloud/ros2_ws/install/markov_localization_gazebo/share/markov_localization_gazebo/hook/pythonpath.dsv'
[6.021s] INFO:colcon.colcon_core.shell:Creating environment hook '/home/cloud/ros2_ws/install/markov_localization_gazebo/share/markov_localization_gazebo/hook/pythonpath.sh'
[6.022s] Level 1:colcon.colcon_core.environment:checking '/home/cloud/ros2_ws/install/markov_localization_gazebo/bin'
[6.023s] Level 1:colcon.colcon_core.environment:create_environment_scripts_only(markov_localization_gazebo)
[6.023s] INFO:colcon.colcon_core.shell:Creating package script '/home/cloud/ros2_ws/install/markov_localization_gazebo/share/markov_localization_gazebo/package.ps1'
[6.025s] INFO:colcon.colcon_core.shell:Creating package descriptor '/home/cloud/ros2_ws/install/markov_localization_gazebo/share/markov_localization_gazebo/package.dsv'
[6.026s] INFO:colcon.colcon_core.shell:Creating package script '/home/cloud/ros2_ws/install/markov_localization_gazebo/share/markov_localization_gazebo/package.sh'
[6.027s] INFO:colcon.colcon_core.shell:Creating package script '/home/cloud/ros2_ws/install/markov_localization_gazebo/share/markov_localization_gazebo/package.bash'
[6.029s] INFO:colcon.colcon_core.shell:Creating package script '/home/cloud/ros2_ws/install/markov_localization_gazebo/share/markov_localization_gazebo/package.zsh'
[6.030s] Level 1:colcon.colcon_core.environment:create_file_with_runtime_dependencies(/home/cloud/ros2_ws/install/markov_localization_gazebo/share/colcon-core/packages/markov_localization_gazebo)
[6.033s] INFO:colcon.colcon_ros.task.ament_python.build:Building ROS package in '/home/cloud/ros2_ws/src/my_turtlebot3_gazebo' with build type 'ament_python'
[6.033s] Level 1:colcon.colcon_core.shell:create_environment_hook('my_turtlebot3_gazebo', 'ament_prefix_path')
[6.034s] INFO:colcon.colcon_core.shell:Creating environment hook '/home/cloud/ros2_ws/install/my_turtlebot3_gazebo/share/my_turtlebot3_gazebo/hook/ament_prefix_path.ps1'
[6.042s] INFO:colcon.colcon_core.shell:Creating environment descriptor '/home/cloud/ros2_ws/install/my_turtlebot3_gazebo/share/my_turtlebot3_gazebo/hook/ament_prefix_path.dsv'
[6.044s] INFO:colcon.colcon_core.shell:Creating environment hook '/home/cloud/ros2_ws/install/my_turtlebot3_gazebo/share/my_turtlebot3_gazebo/hook/ament_prefix_path.sh'
[6.048s] INFO:colcon.colcon_core.shell:Skip shell extension 'powershell' for command environment: Not usable outside of PowerShell
[6.052s] DEBUG:colcon.colcon_core.shell:Skip shell extension 'dsv' for command environment
[6.797s] INFO:colcon.colcon_core.task.python.build:Building Python package in '/home/cloud/ros2_ws/src/my_turtlebot3_gazebo'
[6.798s] INFO:colcon.colcon_core.shell:Skip shell extension 'powershell' for command environment: Not usable outside of PowerShell
[6.798s] DEBUG:colcon.colcon_core.shell:Skip shell extension 'dsv' for command environment
[6.810s] Level 1:colcon.colcon_core.environment:checking '/home/cloud/ros2_ws/install/a_star_planner_gazebo' for CMake module files
[6.811s] DEBUG:colcon.colcon_core.event_handler.log_command:Invoked command in '/home/cloud/ros2_ws/src/a_star_planner_gazebo' returned '0': CONDA_PROMPT_MODIFIER=(base) PYTHONPATH=/home/cloud/ros2_ws/build/a_star_planner_gazebo/prefix_override:/usr/lib/python3/dist-packages/colcon_core/task/python/colcon_distutils_commands:/home/cloud/ros2_ws/install/a_star_planner_gazebo/lib/python3.12/site-packages:${PYTHONPATH} /usr/bin/python3 -W ignore:setup.py install is deprecated -W ignore:easy_install command is deprecated setup.py egg_info --egg-base ../../build/a_star_planner_gazebo build --build-base /home/cloud/ros2_ws/build/a_star_planner_gazebo/build install --record /home/cloud/ros2_ws/build/a_star_planner_gazebo/install.log --single-version-externally-managed install_data
[6.812s] Level 1:colcon.colcon_core.environment:checking '/home/cloud/ros2_ws/install/a_star_planner_gazebo' for CMake config files
[6.813s] Level 1:colcon.colcon_core.environment:checking '/home/cloud/ros2_ws/install/a_star_planner_gazebo/lib'
[6.813s] Level 1:colcon.colcon_core.environment:checking '/home/cloud/ros2_ws/install/a_star_planner_gazebo/bin'
[6.813s] Level 1:colcon.colcon_core.environment:checking '/home/cloud/ros2_ws/install/a_star_planner_gazebo/lib/pkgconfig/a_star_planner_gazebo.pc'
[6.813s] Level 1:colcon.colcon_core.environment:checking '/home/cloud/ros2_ws/install/a_star_planner_gazebo/lib/python3.12/site-packages'
[6.813s] Level 1:colcon.colcon_core.shell:create_environment_hook('a_star_planner_gazebo', 'pythonpath')
[6.814s] INFO:colcon.colcon_core.shell:Creating environment hook '/home/cloud/ros2_ws/install/a_star_planner_gazebo/share/a_star_planner_gazebo/hook/pythonpath.ps1'
[6.814s] INFO:colcon.colcon_core.shell:Creating environment descriptor '/home/cloud/ros2_ws/install/a_star_planner_gazebo/share/a_star_planner_gazebo/hook/pythonpath.dsv'
[6.815s] INFO:colcon.colcon_core.shell:Creating environment hook '/home/cloud/ros2_ws/install/a_star_planner_gazebo/share/a_star_planner_gazebo/hook/pythonpath.sh'
[6.816s] Level 1:colcon.colcon_core.environment:checking '/home/cloud/ros2_ws/install/a_star_planner_gazebo/bin'
[6.816s] Level 1:colcon.colcon_core.environment:create_environment_scripts_only(a_star_planner_gazebo)
[6.816s] INFO:colcon.colcon_core.shell:Creating package script '/home/cloud/ros2_ws/install/a_star_planner_gazebo/share/a_star_planner_gazebo/package.ps1'
[6.817s] INFO:colcon.colcon_core.shell:Creating package descriptor '/home/cloud/ros2_ws/install/a_star_planner_gazebo/share/a_star_planner_gazebo/package.dsv'
[6.817s] INFO:colcon.colcon_core.shell:Creating package script '/home/cloud/ros2_ws/install/a_star_planner_gazebo/share/a_star_planner_gazebo/package.sh'
[6.818s] INFO:colcon.colcon_core.shell:Creating package script '/home/cloud/ros2_ws/install/a_star_planner_gazebo/share/a_star_planner_gazebo/package.bash'
[6.818s] INFO:colcon.colcon_core.shell:Creating package script '/home/cloud/ros2_ws/install/a_star_planner_gazebo/share/a_star_planner_gazebo/package.zsh'
[6.819s] Level 1:colcon.colcon_core.environment:create_file_with_runtime_dependencies(/home/cloud/ros2_ws/install/a_star_planner_gazebo/share/colcon-core/packages/a_star_planner_gazebo)
[6.819s] Level 1:colcon.colcon_core.environment:checking '/home/cloud/ros2_ws/install/dl_traversability_layer' for CMake module files
[6.821s] Level 1:colcon.colcon_core.environment:checking '/home/cloud/ros2_ws/install/dl_traversability_layer' for CMake config files
[6.822s] Level 1:colcon.colcon_core.environment:checking '/home/cloud/ros2_ws/install/dl_traversability_layer/lib'
[6.822s] Level 1:colcon.colcon_core.environment:checking '/home/cloud/ros2_ws/install/dl_traversability_layer/bin'
[6.822s] Level 1:colcon.colcon_core.environment:checking '/home/cloud/ros2_ws/install/dl_traversability_layer/lib/pkgconfig/dl_traversability_layer.pc'
[6.822s] Level 1:colcon.colcon_core.environment:checking '/home/cloud/ros2_ws/install/dl_traversability_layer/lib/python3.12/site-packages'
[6.823s] Level 1:colcon.colcon_core.shell:create_environment_hook('dl_traversability_layer', 'pythonpath')
[6.823s] INFO:colcon.colcon_core.shell:Creating environment hook '/home/cloud/ros2_ws/install/dl_traversability_layer/share/dl_traversability_layer/hook/pythonpath.ps1'
[6.824s] INFO:colcon.colcon_core.shell:Creating environment descriptor '/home/cloud/ros2_ws/install/dl_traversability_layer/share/dl_traversability_layer/hook/pythonpath.dsv'
[6.824s] INFO:colcon.colcon_core.shell:Creating environment hook '/home/cloud/ros2_ws/install/dl_traversability_layer/share/dl_traversability_layer/hook/pythonpath.sh'
[6.825s] Level 1:colcon.colcon_core.environment:checking '/home/cloud/ros2_ws/install/dl_traversability_layer/bin'
[6.825s] Level 1:colcon.colcon_core.environment:create_environment_scripts_only(dl_traversability_layer)
[6.825s] INFO:colcon.colcon_core.shell:Creating package script '/home/cloud/ros2_ws/install/dl_traversability_layer/share/dl_traversability_layer/package.ps1'
[6.827s] DEBUG:colcon.colcon_core.event_handler.log_command:Invoked command in '/home/cloud/ros2_ws/src/dl_traversability_layer' returned '0': CONDA_PROMPT_MODIFIER=(base) PYTHONPATH=/home/cloud/ros2_ws/build/dl_traversability_layer/prefix_override:/usr/lib/python3/dist-packages/colcon_core/task/python/colcon_distutils_commands:/home/cloud/ros2_ws/install/dl_traversability_layer/lib/python3.12/site-packages:${PYTHONPATH} /usr/bin/python3 -W ignore:setup.py install is deprecated -W ignore:easy_install command is deprecated setup.py egg_info --egg-base ../../build/dl_traversability_layer build --build-base /home/cloud/ros2_ws/build/dl_traversability_layer/build install --record /home/cloud/ros2_ws/build/dl_traversability_layer/install.log --single-version-externally-managed install_data
[6.827s] INFO:colcon.colcon_core.shell:Creating package descriptor '/home/cloud/ros2_ws/install/dl_traversability_layer/share/dl_traversability_layer/package.dsv'
[6.828s] INFO:colcon.colcon_core.shell:Creating package script '/home/cloud/ros2_ws/install/dl_traversability_layer/share/dl_traversability_layer/package.sh'
[6.829s] INFO:colcon.colcon_core.shell:Creating package script '/home/cloud/ros2_ws/install/dl_traversability_layer/share/dl_traversability_layer/package.bash'
[6.829s] INFO:colcon.colcon_core.shell:Creating package script '/home/cloud/ros2_ws/install/dl_traversability_layer/share/dl_traversability_layer/package.zsh'
[6.829s] Level 1:colcon.colcon_core.environment:create_file_with_runtime_dependencies(/home/cloud/ros2_ws/install/dl_traversability_layer/share/colcon-core/packages/dl_traversability_layer)
[6.832s] Level 1:colcon.colcon_core.environment:checking '/home/cloud/ros2_ws/install/grid_slam_gazebo' for CMake module files
[6.833s] DEBUG:colcon.colcon_core.event_handler.log_command:Invoked command in '/home/cloud/ros2_ws/src/grid_slam_gazebo' returned '0': CONDA_PROMPT_MODIFIER=(base) PYTHONPATH=/home/cloud/ros2_ws/build/grid_slam_gazebo/prefix_override:/usr/lib/python3/dist-packages/colcon_core/task/python/colcon_distutils_commands:/home/cloud/ros2_ws/install/grid_slam_gazebo/lib/python3.12/site-packages:${PYTHONPATH} /usr/bin/python3 -W ignore:setup.py install is deprecated -W ignore:easy_install command is deprecated setup.py egg_info --egg-base ../../build/grid_slam_gazebo build --build-base /home/cloud/ros2_ws/build/grid_slam_gazebo/build install --record /home/cloud/ros2_ws/build/grid_slam_gazebo/install.log --single-version-externally-managed install_data
[6.834s] Level 1:colcon.colcon_core.environment:checking '/home/cloud/ros2_ws/install/grid_slam_gazebo' for CMake config files
[6.834s] Level 1:colcon.colcon_core.environment:checking '/home/cloud/ros2_ws/install/grid_slam_gazebo/lib'
[6.835s] Level 1:colcon.colcon_core.environment:checking '/home/cloud/ros2_ws/install/grid_slam_gazebo/bin'
[6.835s] Level 1:colcon.colcon_core.environment:checking '/home/cloud/ros2_ws/install/grid_slam_gazebo/lib/pkgconfig/grid_slam_gazebo.pc'
[6.835s] Level 1:colcon.colcon_core.environment:checking '/home/cloud/ros2_ws/install/grid_slam_gazebo/lib/python3.12/site-packages'
[6.835s] Level 1:colcon.colcon_core.shell:create_environment_hook('grid_slam_gazebo', 'pythonpath')
[6.836s] INFO:colcon.colcon_core.shell:Creating environment hook '/home/cloud/ros2_ws/install/grid_slam_gazebo/share/grid_slam_gazebo/hook/pythonpath.ps1'
[6.836s] INFO:colcon.colcon_core.shell:Creating environment descriptor '/home/cloud/ros2_ws/install/grid_slam_gazebo/share/grid_slam_gazebo/hook/pythonpath.dsv'
[6.837s] INFO:colcon.colcon_core.shell:Creating environment hook '/home/cloud/ros2_ws/install/grid_slam_gazebo/share/grid_slam_gazebo/hook/pythonpath.sh'
[6.838s] Level 1:colcon.colcon_core.environment:checking '/home/cloud/ros2_ws/install/grid_slam_gazebo/bin'
[6.838s] Level 1:colcon.colcon_core.environment:create_environment_scripts_only(grid_slam_gazebo)
[6.838s] INFO:colcon.colcon_core.shell:Creating package script '/home/cloud/ros2_ws/install/grid_slam_gazebo/share/grid_slam_gazebo/package.ps1'
[6.839s] INFO:colcon.colcon_core.shell:Creating package descriptor '/home/cloud/ros2_ws/install/grid_slam_gazebo/share/grid_slam_gazebo/package.dsv'
[6.839s] INFO:colcon.colcon_core.shell:Creating package script '/home/cloud/ros2_ws/install/grid_slam_gazebo/share/grid_slam_gazebo/package.sh'
[6.840s] INFO:colcon.colcon_core.shell:Creating package script '/home/cloud/ros2_ws/install/grid_slam_gazebo/share/grid_slam_gazebo/package.bash'
[6.840s] INFO:colcon.colcon_core.shell:Creating package script '/home/cloud/ros2_ws/install/grid_slam_gazebo/share/grid_slam_gazebo/package.zsh'
[6.841s] Level 1:colcon.colcon_core.environment:create_file_with_runtime_dependencies(/home/cloud/ros2_ws/install/grid_slam_gazebo/share/colcon-core/packages/grid_slam_gazebo)
[8.131s] DEBUG:colcon.colcon_core.event_handler.log_command:Invoking command in '/home/cloud/ros2_ws/src/my_turtlebot3_gazebo': CONDA_PROMPT_MODIFIER=(base) PYTHONPATH=/home/cloud/ros2_ws/build/my_turtlebot3_gazebo/prefix_override:/usr/lib/python3/dist-packages/colcon_core/task/python/colcon_distutils_commands:/home/cloud/ros2_ws/install/my_turtlebot3_gazebo/lib/python3.12/site-packages:${PYTHONPATH} /usr/bin/python3 -W ignore:setup.py install is deprecated -W ignore:easy_install command is deprecated setup.py egg_info --egg-base ../../build/my_turtlebot3_gazebo build --build-base /home/cloud/ros2_ws/build/my_turtlebot3_gazebo/build install --record /home/cloud/ros2_ws/build/my_turtlebot3_gazebo/install.log --single-version-externally-managed install_data
[9.300s] Level 1:colcon.colcon_core.environment:checking '/home/cloud/ros2_ws/install/my_turtlebot3_gazebo' for CMake module files
[9.301s] Level 1:colcon.colcon_core.environment:checking '/home/cloud/ros2_ws/install/my_turtlebot3_gazebo' for CMake config files
[9.302s] Level 1:colcon.colcon_core.environment:checking '/home/cloud/ros2_ws/install/my_turtlebot3_gazebo/lib'
[9.302s] Level 1:colcon.colcon_core.environment:checking '/home/cloud/ros2_ws/install/my_turtlebot3_gazebo/bin'
[9.302s] Level 1:colcon.colcon_core.environment:checking '/home/cloud/ros2_ws/install/my_turtlebot3_gazebo/lib/pkgconfig/my_turtlebot3_gazebo.pc'
[9.303s] DEBUG:colcon.colcon_core.event_handler.log_command:Invoked command in '/home/cloud/ros2_ws/src/my_turtlebot3_gazebo' returned '0': CONDA_PROMPT_MODIFIER=(base) PYTHONPATH=/home/cloud/ros2_ws/build/my_turtlebot3_gazebo/prefix_override:/usr/lib/python3/dist-packages/colcon_core/task/python/colcon_distutils_commands:/home/cloud/ros2_ws/install/my_turtlebot3_gazebo/lib/python3.12/site-packages:${PYTHONPATH} /usr/bin/python3 -W ignore:setup.py install is deprecated -W ignore:easy_install command is deprecated setup.py egg_info --egg-base ../../build/my_turtlebot3_gazebo build --build-base /home/cloud/ros2_ws/build/my_turtlebot3_gazebo/build install --record /home/cloud/ros2_ws/build/my_turtlebot3_gazebo/install.log --single-version-externally-managed install_data
[9.304s] Level 1:colcon.colcon_core.environment:checking '/home/cloud/ros2_ws/install/my_turtlebot3_gazebo/lib/python3.12/site-packages'
[9.304s] Level 1:colcon.colcon_core.shell:create_environment_hook('my_turtlebot3_gazebo', 'pythonpath')
[9.305s] INFO:colcon.colcon_core.shell:Creating environment hook '/home/cloud/ros2_ws/install/my_turtlebot3_gazebo/share/my_turtlebot3_gazebo/hook/pythonpath.ps1'
[9.305s] INFO:colcon.colcon_core.shell:Creating environment descriptor '/home/cloud/ros2_ws/install/my_turtlebot3_gazebo/share/my_turtlebot3_gazebo/hook/pythonpath.dsv'
[9.306s] INFO:colcon.colcon_core.shell:Creating environment hook '/home/cloud/ros2_ws/install/my_turtlebot3_gazebo/share/my_turtlebot3_gazebo/hook/pythonpath.sh'
[9.307s] Level 1:colcon.colcon_core.environment:checking '/home/cloud/ros2_ws/install/my_turtlebot3_gazebo/bin'
[9.307s] Level 1:colcon.colcon_core.environment:create_environment_scripts_only(my_turtlebot3_gazebo)
[9.307s] INFO:colcon.colcon_core.shell:Creating package script '/home/cloud/ros2_ws/install/my_turtlebot3_gazebo/share/my_turtlebot3_gazebo/package.ps1'
[9.308s] INFO:colcon.colcon_core.shell:Creating package descriptor '/home/cloud/ros2_ws/install/my_turtlebot3_gazebo/share/my_turtlebot3_gazebo/package.dsv'
[9.309s] INFO:colcon.colcon_core.shell:Creating package script '/home/cloud/ros2_ws/install/my_turtlebot3_gazebo/share/my_turtlebot3_gazebo/package.sh'
[9.310s] INFO:colcon.colcon_core.shell:Creating package script '/home/cloud/ros2_ws/install/my_turtlebot3_gazebo/share/my_turtlebot3_gazebo/package.bash'
[9.311s] INFO:colcon.colcon_core.shell:Creating package script '/home/cloud/ros2_ws/install/my_turtlebot3_gazebo/share/my_turtlebot3_gazebo/package.zsh'
[9.311s] Level 1:colcon.colcon_core.environment:create_file_with_runtime_dependencies(/home/cloud/ros2_ws/install/my_turtlebot3_gazebo/share/colcon-core/packages/my_turtlebot3_gazebo)
[9.312s] DEBUG:colcon.colcon_parallel_executor.executor.parallel:closing loop
[9.313s] DEBUG:colcon.colcon_parallel_executor.executor.parallel:loop closed
[9.313s] DEBUG:colcon.colcon_parallel_executor.executor.parallel:run_until_complete finished with '0'
[9.313s] DEBUG:colcon.colcon_core.event_reactor:joining thread
[9.323s] INFO:colcon.colcon_core.plugin_system:Skipping extension 'colcon_notification.desktop_notification.terminal_notifier': Not used on non-Darwin systems
[9.323s] INFO:colcon.colcon_core.plugin_system:Skipping extension 'colcon_notification.desktop_notification.win32': Not used on non-Windows systems
[9.323s] INFO:colcon.colcon_notification.desktop_notification:Sending desktop notification using 'notify2'
[9.337s] DEBUG:colcon.colcon_core.event_reactor:joined thread
[9.338s] INFO:colcon.colcon_core.shell:Creating prefix script '/home/cloud/ros2_ws/install/local_setup.ps1'
[9.341s] INFO:colcon.colcon_core.shell:Creating prefix util module '/home/cloud/ros2_ws/install/_local_setup_util_ps1.py'
[9.344s] INFO:colcon.colcon_core.shell:Creating prefix chain script '/home/cloud/ros2_ws/install/setup.ps1'
[9.346s] INFO:colcon.colcon_core.shell:Creating prefix script '/home/cloud/ros2_ws/install/local_setup.sh'
[9.347s] INFO:colcon.colcon_core.shell:Creating prefix util module '/home/cloud/ros2_ws/install/_local_setup_util_sh.py'
[9.349s] INFO:colcon.colcon_core.shell:Creating prefix chain script '/home/cloud/ros2_ws/install/setup.sh'
[9.351s] INFO:colcon.colcon_core.shell:Creating prefix script '/home/cloud/ros2_ws/install/local_setup.bash'
[9.352s] INFO:colcon.colcon_core.shell:Creating prefix chain script '/home/cloud/ros2_ws/install/setup.bash'
[9.355s] INFO:colcon.colcon_core.shell:Creating prefix script '/home/cloud/ros2_ws/install/local_setup.zsh'
[9.356s] INFO:colcon.colcon_core.shell:Creating prefix chain script '/home/cloud/ros2_ws/install/setup.zsh'
