/home/cloud/ros2_ws/install/markov_localization_gazebo/lib/python3.12/site-packages/markov_localization_gazebo/motion_models.py
/home/cloud/ros2_ws/install/markov_localization_gazebo/lib/python3.12/site-packages/markov_localization_gazebo/grid_utils.py
/home/cloud/ros2_ws/install/markov_localization_gazebo/lib/python3.12/site-packages/markov_localization_gazebo/sensor_models.py
/home/cloud/ros2_ws/install/markov_localization_gazebo/lib/python3.12/site-packages/markov_localization_gazebo/__init__.py
/home/cloud/ros2_ws/install/markov_localization_gazebo/lib/python3.12/site-packages/markov_localization_gazebo/markov_localization_node.py
/home/cloud/ros2_ws/install/markov_localization_gazebo/lib/python3.12/site-packages/markov_localization_gazebo/__pycache__/motion_models.cpython-312.pyc
/home/cloud/ros2_ws/install/markov_localization_gazebo/lib/python3.12/site-packages/markov_localization_gazebo/__pycache__/grid_utils.cpython-312.pyc
/home/cloud/ros2_ws/install/markov_localization_gazebo/lib/python3.12/site-packages/markov_localization_gazebo/__pycache__/sensor_models.cpython-312.pyc
/home/cloud/ros2_ws/install/markov_localization_gazebo/lib/python3.12/site-packages/markov_localization_gazebo/__pycache__/__init__.cpython-312.pyc
/home/cloud/ros2_ws/install/markov_localization_gazebo/lib/python3.12/site-packages/markov_localization_gazebo/__pycache__/markov_localization_node.cpython-312.pyc
/home/cloud/ros2_ws/install/markov_localization_gazebo/share/ament_index/resource_index/packages/markov_localization_gazebo
/home/cloud/ros2_ws/install/markov_localization_gazebo/share/markov_localization_gazebo/package.xml
/home/cloud/ros2_ws/install/markov_localization_gazebo/share/markov_localization_gazebo/launch/markov_localization.launch.py
/home/cloud/ros2_ws/install/markov_localization_gazebo/share/markov_localization_gazebo/launch/markov_with_gazebo.launch.py
/home/cloud/ros2_ws/install/markov_localization_gazebo/share/markov_localization_gazebo/rviz/markov_localization.rviz
/home/cloud/ros2_ws/install/markov_localization_gazebo/share/markov_localization_gazebo
/home/cloud/ros2_ws/install/markov_localization_gazebo/lib/python3.12/site-packages/markov_localization_gazebo-0.0.1-py3.12.egg-info/requires.txt
/home/cloud/ros2_ws/install/markov_localization_gazebo/lib/python3.12/site-packages/markov_localization_gazebo-0.0.1-py3.12.egg-info/PKG-INFO
/home/cloud/ros2_ws/install/markov_localization_gazebo/lib/python3.12/site-packages/markov_localization_gazebo-0.0.1-py3.12.egg-info/dependency_links.txt
/home/cloud/ros2_ws/install/markov_localization_gazebo/lib/python3.12/site-packages/markov_localization_gazebo-0.0.1-py3.12.egg-info/SOURCES.txt
/home/cloud/ros2_ws/install/markov_localization_gazebo/lib/python3.12/site-packages/markov_localization_gazebo-0.0.1-py3.12.egg-info/entry_points.txt
/home/cloud/ros2_ws/install/markov_localization_gazebo/lib/python3.12/site-packages/markov_localization_gazebo-0.0.1-py3.12.egg-info/zip-safe
/home/cloud/ros2_ws/install/markov_localization_gazebo/lib/python3.12/site-packages/markov_localization_gazebo-0.0.1-py3.12.egg-info/top_level.txt
/home/cloud/ros2_ws/install/markov_localization_gazebo/lib/markov_localization_gazebo/markov_localization
